JOBID    PARTITION  NAME                                   USER              TIME_LEFT    TIME_LIMIT   START_TIME           ST  NODES  CPUS  NODELIST(REASON)
2014409  ai         mysql15                                zabali16          23:55:51     1-00:00:00   2020-11-26T20:00:43  CD  1      1     ai10
2014407  ai         mysql9                                 zabali16          23:54:52     1-00:00:00   2020-11-26T20:00:36  CD  1      1     ai10
2014405  ai         mysql4                                 zabali16          23:54:59     1-00:00:00   2020-11-26T20:00:12  CD  1      1     ai08
2014404  ai         mmalign10                              zabali16          23:55:38     1-00:00:00   2020-11-26T19:59:53  CD  1      10    ai14
2014403  ai         mmalign8                               zabali16          23:54:13     1-00:00:00   2020-11-26T19:59:50  CD  1      10    ai02
2014401  ai         mmalign14                              zabali16          23:54:24     1-00:00:00   2020-11-26T19:59:37  CD  1      10    ai12
2014400  ai         mysql8                                 zabali16          23:54:38     1-00:00:00   2020-11-26T19:59:33  CD  1      1     ai09
2014399  ai         mysql14                                zabali16          23:55:01     1-00:00:00   2020-11-26T19:59:22  CD  1      1     ai09
2014398  ai         mmalign2                               zabali16          23:55:33     1-00:00:00   2020-11-26T19:59:12  CD  1      10    dy02
2014397  ai         mmalign1                               zabali16          23:54:42     1-00:00:00   2020-11-26T19:59:09  CD  1      10    ai11
2014396  ai         mmalign13                              zabali16          23:53:06     1-00:00:00   2020-11-26T19:59:06  CD  1      10    ai10
2014395  ai         mmalign5                               zabali16          23:54:34     1-00:00:00   2020-11-26T19:59:03  CD  1      10    ai06
2014394  ai         mysql2                                 zabali16          23:54:09     1-00:00:00   2020-11-26T19:58:59  CD  1      1     ai10
2014393  ai         mysql1                                 zabali16          23:54:48     1-00:00:00   2020-11-26T19:58:54  CD  1      1     ai10
2014392  ai         mysql13                                zabali16          23:55:59     1-00:00:00   2020-11-26T19:58:52  CD  1      1     ai09
2014391  ai         mysql5                                 zabali16          23:54:55     1-00:00:00   2020-11-26T19:58:42  CD  1      1     ai08
2014390  ai         mmalign11                              zabali16          23:55:09     1-00:00:00   2020-11-26T19:58:24  CD  1      10    ai11
2014389  ai         mysql11                                zabali16          23:54:50     1-00:00:00   2020-11-26T19:58:08  CD  1      1     ai10
2014388  ai         mmalign3                               zabali16          23:54:05     1-00:00:00   2020-11-26T19:58:07  CD  1      10    ai10
2014386  ai         mmalign6                               zabali16          23:54:02     1-00:00:00   2020-11-26T19:58:04  CD  1      10    ai03
2014384  ai         mysql6                                 zabali16          23:55:26     1-00:00:00   2020-11-26T19:57:53  CD  1      1     ai08
2014385  ai         mysql3                                 zabali16          23:55:09     1-00:00:00   2020-11-26T19:57:53  CD  1      1     ai09
2014383  ai         mmalign7                               zabali16          23:52:45     1-00:00:00   2020-11-26T19:55:45  CD  1      10    ai03
2014382  ai         mysql7                                 zabali16          23:54:53     1-00:00:00   2020-11-26T19:55:31  CD  1      1     ai10
2014380  ai         mysql10                                zabali16          23:53:06     1-00:00:00   2020-11-26T19:55:10  CD  1      1     ai10
2014379  ai         mmalign15                              zabali16          23:54:26     1-00:00:00   2020-11-26T19:55:09  CD  1      10    ai06
2014377  ai         mmalign12                              zabali16          23:54:08     1-00:00:00   2020-11-26T19:54:53  CD  1      10    ai12
2014373  ai         mmalign9                               zabali16          23:53:16     1-00:00:00   2020-11-26T19:53:52  CD  1      10    ai10
2012851  mid        lammps_tst                             szarepakzad18     1-00:00:00   1-00:00:00   N/A                  PD  1      10    (AssocGrpNodeLimit)
2012852  mid        lammps_tst                             szarepakzad18     1-00:00:00   1-00:00:00   N/A                  PD  1      10    (AssocGrpNodeLimit)
2012853  mid        lammps_tst                             szarepakzad18     1-00:00:00   1-00:00:00   N/A                  PD  1      10    (AssocGrpNodeLimit)
2012854  mid        lammps_tst                             szarepakzad18     1-00:00:00   1-00:00:00   N/A                  PD  1      10    (AssocGrpNodeLimit)
2014433  ai         mysql13                                zabali16          23:59:55     1-00:00:00   2020-11-26T20:06:00  R   1      1     ai08
2014432  ai         mmalign8                               zabali16          23:59:47     1-00:00:00   2020-11-26T20:05:52  R   1      10    ai02
2014431  ai         mysql8                                 zabali16          23:59:32     1-00:00:00   2020-11-26T20:05:37  R   1      1     ai01
2014430  ai         mmalign14                              zabali16          23:59:26     1-00:00:00   2020-11-26T20:05:31  R   1      10    ai12
2014429  ai         mysql14                                zabali16          23:59:08     1-00:00:00   2020-11-26T20:05:13  R   1      1     ai09
2014428  ai         mmalign5                               zabali16          23:58:40     1-00:00:00   2020-11-26T20:04:45  R   1      10    ai11
2014427  ai         mmalign1                               zabali16          23:58:36     1-00:00:00   2020-11-26T20:04:41  R   1      10    ai06
2014426  ai         mysql5                                 zabali16          23:58:24     1-00:00:00   2020-11-26T20:04:29  R   1      1     ai10
2014425  ai         mysql1                                 zabali16          23:58:22     1-00:00:00   2020-11-26T20:04:27  R   1      1     ai09
2014422  ai         mmalign3                               zabali16          23:58:19     1-00:00:00   2020-11-26T20:04:24  R   1      10    ai03
2014423  ai         mmalign6                               zabali16          23:58:19     1-00:00:00   2020-11-26T20:04:24  R   1      10    ai10
2014424  ai         mmalign10                              zabali16          23:58:19     1-00:00:00   2020-11-26T20:04:24  R   1      10    ai14
2014421  ai         mysql10                                zabali16          23:58:10     1-00:00:00   2020-11-26T20:04:15  R   1      1     ai10
2014419  ai         mysql3                                 zabali16          23:57:57     1-00:00:00   2020-11-26T20:04:02  R   1      1     ai08
2014420  ai         mysql6                                 zabali16          23:57:57     1-00:00:00   2020-11-26T20:04:02  R   1      1     ai10
2014418  ai         mmalign2                               zabali16          23:57:47     1-00:00:00   2020-11-26T20:03:52  R   1      10    dy02
2014417  ai         mysql2                                 zabali16          23:57:34     1-00:00:00   2020-11-26T20:03:39  R   1      1     ai09
2014416  ai         mmalign11                              zabali16          23:57:23     1-00:00:00   2020-11-26T20:03:28  R   1      10    ai11
2014415  ai         mysql11                                zabali16          23:57:10     1-00:00:00   2020-11-26T20:03:15  R   1      1     ai09
2014414  ai         mmalign7                               zabali16          23:57:09     1-00:00:00   2020-11-26T20:03:14  R   1      10    ai03
2014413  ai         mysql7                                 zabali16          23:56:55     1-00:00:00   2020-11-26T20:03:00  R   1      1     ai08
2014412  ai         mmalign15                              zabali16          23:54:58     1-00:00:00   2020-11-26T20:01:03  R   1      10    ai12
2014411  ai         mmalign12                              zabali16          23:54:55     1-00:00:00   2020-11-26T20:01:00  R   1      10    ai06
2014410  ai         mysql12                                zabali16          23:54:40     1-00:00:00   2020-11-26T20:00:45  R   1      1     ai10
2014408  ai         mmalign9                               zabali16          23:54:38     1-00:00:00   2020-11-26T20:00:43  R   1      10    ai10
2014406  ai         mmalign4                               zabali16          23:54:16     1-00:00:00   2020-11-26T20:00:21  R   1      10    ai03
2014402  ai         mysql10                                zabali16          23:53:38     1-00:00:00   2020-11-26T19:59:43  R   1      1     ai10
2014387  ai         ada                                    ekesim19          3-23:52:02   4-00:00:00   2020-11-26T19:58:07  R   1      1     ai09
2014280  cosmos     binary117                              hgulbalkan14      30-22:30:58  30-23:00:00  2020-11-26T19:37:03  R   1      1     ke01
2014277  cosmos     binary116                              hgulbalkan14      30-22:30:47  30-23:00:00  2020-11-26T19:36:52  R   1      1     ke01
2014276  cosmos     binary115                              hgulbalkan14      30-22:30:39  30-23:00:00  2020-11-26T19:36:44  R   1      1     ke01
2014273  cosmos     binary115                              hgulbalkan14      30-22:30:33  30-23:00:00  2020-11-26T19:36:38  R   1      1     ke01
2014267  cosmos     binary114                              hgulbalkan14      30-22:29:55  30-23:00:00  2020-11-26T19:36:00  R   1      1     ke01
2014266  cosmos     binary113                              hgulbalkan14      30-22:29:43  30-23:00:00  2020-11-26T19:35:48  R   1      1     ke01
2014265  cosmos     binary112                              hgulbalkan14      30-22:29:33  30-23:00:00  2020-11-26T19:35:38  R   1      1     ke01
2014264  cosmos     binary111                              hgulbalkan14      30-22:29:19  30-23:00:00  2020-11-26T19:35:24  R   1      1     ke01
2014263  cosmos     binary110                              hgulbalkan14      30-22:29:07  30-23:00:00  2020-11-26T19:35:12  R   1      1     ke01
2014262  cosmos     binary108                              hgulbalkan14      30-22:28:57  30-23:00:00  2020-11-26T19:35:02  R   1      1     ke01
2014261  cosmos     binary107                              hgulbalkan14      30-22:28:42  30-23:00:00  2020-11-26T19:34:47  R   1      1     ke01
2014260  cosmos     binary106                              hgulbalkan14      30-22:28:35  30-23:00:00  2020-11-26T19:34:40  R   1      1     ke01
2014256  cosmos     binary105                              hgulbalkan14      30-22:28:08  30-23:00:00  2020-11-26T19:34:13  R   1      1     ke01
2014253  cosmos     binary104                              hgulbalkan14      30-22:28:00  30-23:00:00  2020-11-26T19:34:05  R   1      1     ke01
2014246  cosmos     binary103                              hgulbalkan14      30-22:26:55  30-23:00:00  2020-11-26T19:33:00  R   1      1     ke01
2014244  cosmos     binary102                              hgulbalkan14      30-22:26:45  30-23:00:00  2020-11-26T19:32:50  R   1      1     ke01
2014243  cosmos     binary101                              hgulbalkan14      30-22:26:35  30-23:00:00  2020-11-26T19:32:40  R   1      1     ke01
2014135  ai         commands15                             zabali16          23:05:52     1-00:00:00   2020-11-26T19:11:57  R   1      1     ai10
2014107  ai         commands14                             zabali16          23:01:54     1-00:00:00   2020-11-26T19:07:59  R   1      1     ai09
2014097  ai         commands13                             zabali16          22:59:04     1-00:00:00   2020-11-26T19:05:09  R   1      1     ai10
2014076  ai         commands12                             zabali16          22:55:01     1-00:00:00   2020-11-26T19:01:06  R   1      1     ai09
2014059  ai         commands11                             zabali16          22:52:11     1-00:00:00   2020-11-26T18:58:16  R   1      1     ai08
2013362  mid        JupiterNotebook                        khanli            22:11:51     1-00:00:00   2020-11-26T18:17:56  R   1      4     it04
2013877  short      rex-nex                                msayar            11:45        2:00:00      2020-11-26T18:17:50  R   1      30    it02
2013856  short      rex-nex                                msayar            11:07        2:00:00      2020-11-26T18:17:12  R   1      30    ai08
2013844  short      rex-nex                                msayar            5:54         2:00:00      2020-11-26T18:11:59  R   1      30    ai01
2013815  short      rex-nex                                msayar            4:11         2:00:00      2020-11-26T18:10:16  R   1      30    ai05
2013764  short      rex-nex                                msayar            4:06         2:00:00      2020-11-26T18:10:11  R   1      30    ai14
2013816  ai         python                                 asafaya19         21:57:37     1-00:00:00   2020-11-26T18:03:42  R   1      5     ai09
2013794  cosmos     TS3                                    phaslak           3-21:52:58   4-00:00:00   2020-11-26T17:59:03  R   1      1     ke01
2013775  cosmos     TS4                                    phaslak           3-21:49:15   4-00:00:00   2020-11-26T17:55:20  R   1      1     ke01
2013712  ai         commands10                             zabali16          21:35:59     1-00:00:00   2020-11-26T17:42:04  R   1      1     ai03
2013685  ai         commands9                              zabali16          21:30:30     1-00:00:00   2020-11-26T17:36:35  R   1      1     ai02
2013676  ai         commands8                              zabali16          21:27:51     1-00:00:00   2020-11-26T17:33:56  R   1      1     ai02
2013557  ai         commands7                              zabali16          20:54:40     1-00:00:00   2020-11-26T17:00:45  R   1      1     ai02
2013547  ai         commands6                              zabali16          20:51:51     1-00:00:00   2020-11-26T16:57:56  R   1      1     ai02
2013535  ai         JupiterNotebook                        khanli            20:47:06     1-00:00:00   2020-11-26T16:53:11  R   1      4     ai01
2013524  mid        front138                               akozhabergenov18  20:44:37     1-00:00:00   2020-11-26T16:50:42  R   2      34    ai[04,06]
2013517  ai         JupiterNotebook                        ckoksal20         20:41:13     1-00:00:00   2020-11-26T16:47:18  R   1      4     ai01
2013476  mid        jupyter_job                            vaydingul20       20:25:37     1-00:00:00   2020-11-26T16:31:42  R   1      2     ai08
2013271  mid        detectron                              gtanriver19       19:49:51     1-00:00:00   2020-11-26T15:55:56  R   1      20    ai12
2013348  ai         commands5                              zabali16          19:47:39     1-00:00:00   2020-11-26T15:53:44  R   1      1     ai01
2012850  mid        lammps_tst                             szarepakzad18     19:42:48     1-00:00:00   2020-11-26T15:48:53  R   1      10    be08
2013205  cosmos     CO2_CH4                                saydin20          27-18:55:47  28-00:00:00  2020-11-26T15:01:52  R   1      1     ke01
2013203  ai         commands4                              zabali16          18:55:24     1-00:00:00   2020-11-26T15:01:29  R   1      1     ai08
2013201  ai         commands3                              zabali16          18:54:00     1-00:00:00   2020-11-26T15:00:05  R   1      1     ai08
2013181  ai         commands2                              zabali16          18:44:59     1-00:00:00   2020-11-26T14:51:04  R   1      1     ai08
2013126  ai         commands1                              zabali16          18:22:46     1-00:00:00   2020-11-26T14:28:51  R   1      1     ai08
2013091  ai         intphys                                ikesen16          1-06:02:52   1-12:00:00   2020-11-26T14:08:57  R   1      18    ai09
2012849  mid        lammps_tst                             szarepakzad18     17:41:16     1-00:00:00   2020-11-26T13:47:21  R   1      10    it04
2013032  cosmos     TS5                                    phaslak           3-16:58:39   4-00:00:00   2020-11-26T13:04:44  R   1      1     ke01
2012848  mid        lammps_tst                             szarepakzad18     16:49:48     1-00:00:00   2020-11-26T12:55:53  R   1      10    be05
2012847  mid        lammps_tst                             szarepakzad18     16:33:47     1-00:00:00   2020-11-26T12:39:52  R   1      10    be01
2012846  mid        lammps_tst                             szarepakzad18     16:33:16     1-00:00:00   2020-11-26T12:39:21  R   1      10    it04
2012845  mid        lammps_tst                             szarepakzad18     16:10:06     1-00:00:00   2020-11-26T12:16:11  R   1      10    be04
2012965  long       dene1                                  eyurtsev          6-15:41:46   7-00:00:00   2020-11-26T11:47:51  R   1      6     it03
2012961  ai         svg_orig_skip                          kakan20           3-06:46:51   3-15:31:00   2020-11-26T11:21:56  R   1      20    ai13
2012844  mid        lammps_tst                             szarepakzad18     14:08:40     1-00:00:00   2020-11-26T10:14:45  R   1      10    be12
2012936  mid        front128                               akozhabergenov18  14:01:54     1-00:00:00   2020-11-26T10:07:59  R   1      17    ai02
2012843  mid        lammps_tst                             szarepakzad18     13:01:36     1-00:00:00   2020-11-26T09:07:41  R   1      10    be06
2012842  mid        lammps_tst                             szarepakzad18     12:12:26     1-00:00:00   2020-11-26T08:18:31  R   1      10    be03
2012841  mid        lammps_tst                             szarepakzad18     5:58:05      1-00:00:00   2020-11-26T02:04:10  R   1      10    be11
2012814  cosmos     min19                                  hgulbalkan14      29-23:51:38  30-23:00:00  2020-11-25T20:57:43  R   1      1     ke02
2012311  longer     Nicht_Erhaltener_fahrweg_all_config1   ycan              28-19:12:24  30-00:00:00  2020-11-25T15:18:29  R   1      4     rk01
2012310  longer     Nicht_Erhaltener_fahrweg_unet_config1  ycan              28-19:10:23  30-00:00:00  2020-11-25T15:16:28  R   1      4     rk01
2012309  longer     Erhaltener_fahrweg_all_config1         ycan              28-18:59:50  30-00:00:00  2020-11-25T15:05:55  R   1      4     rk01
2012308  longer     Erhaltener_fahrweg_unet_config1        ycan              28-18:58:19  30-00:00:00  2020-11-25T15:04:24  R   1      4     rk01
2012305  longer     Normalspurige_eisenbahn_all_config1    ycan              28-18:47:15  30-00:00:00  2020-11-25T14:53:20  R   1      4     rk01
2012302  longer     Normalspurige_eisenbahn_unet_config1   ycan              28-18:16:17  30-00:00:00  2020-11-25T14:22:22  R   1      4     rk01
2012300  longer     Hauptstrasse_unet_config1              ycan              28-18:13:04  30-00:00:00  2020-11-25T14:19:09  R   1      4     buyukliman
2012299  longer     Hauptstrasse_all_config1               ycan              28-18:11:55  30-00:00:00  2020-11-25T14:18:00  R   1      4     buyukliman
2012297  longer     Fussweg_all_config1                    ycan              28-18:07:15  30-00:00:00  2020-11-25T14:13:20  R   1      4     buyukliman
2012295  longer     Fussweg_unet_config1                   ycan              28-18:01:34  30-00:00:00  2020-11-25T14:07:39  R   1      4     buyukliman
2012293  ai         svg_lp_ssim_train                      kakan20           2-09:27:43   3-15:31:00   2020-11-25T14:02:48  R   1      20    ai13
2012292  ai         svg_lp_l1_train                        kakan20           2-09:27:38   3-15:31:00   2020-11-25T14:02:43  R   1      20    ai11
2011838  long       unknown4tosr_rcan                      ckorkmaz14        5-15:14:35   7-00:00:00   2020-11-25T11:20:40  R   1      1     ai02
2011837  long       unknown4tosr_edsr                      ckorkmaz14        5-15:01:04   7-00:00:00   2020-11-25T11:07:09  R   1      1     ai02
2011826  cosmos     min5                                   hgulbalkan14      29-13:21:04  30-23:00:00  2020-11-25T10:27:09  R   1      1     ke01
2011823  cosmos     MILC2                                  phaslak           25-14:15:51  27-00:00:00  2020-11-25T10:21:56  R   1      1     ke01
2011822  cosmos     b3lypethy                              phaslak           15-14:12:19  17-00:00:00  2020-11-25T10:18:24  R   1      1     ke01
2011735  cosmos     16290N3_ddec                           oaltundal19       26-04:44:08  28-00:00:00  2020-11-25T00:50:13  R   1      1     ke06
2011659  cosmos     OFAlele                                oaltundal19       26-04:43:06  28-00:00:00  2020-11-25T00:49:11  R   1      1     ke02
2011657  cosmos     OFAlele                                oaltundal19       26-04:42:58  28-00:00:00  2020-11-25T00:49:03  R   1      1     ke01
2011656  cosmos     OFAlele                                oaltundal19       26-04:42:54  28-00:00:00  2020-11-25T00:48:59  R   1      1     ke01
2011600  cosmos     min2                                   hgulbalkan14      29-00:47:03  30-23:00:00  2020-11-24T21:53:08  R   1      1     ke01
2011599  cosmos     min3                                   hgulbalkan14      29-00:44:37  30-23:00:00  2020-11-24T21:50:42  R   1      1     ke01
2011589  long       rcan_unknown4tobic4                    ckorkmaz14        5-00:31:49   7-00:00:00   2020-11-24T20:37:54  R   1      1     it03
2011581  cosmos     model                                  phaslak           25-00:05:05  27-00:00:00  2020-11-24T20:11:10  R   1      1     ke02
2011580  cosmos     CuBTC                                  phaslak           25-00:03:33  27-00:00:00  2020-11-24T20:09:38  R   1      1     ke01
2011356  ai         bash                                   shamdan17         27-20:43:18  30-00:00:00  2020-11-24T16:49:23  R   1      10    ai09
2011170  ai         SketchFormerPreProcessing              edede19           4-14:38:22   6-23:00:00   2020-11-24T11:44:27  R   1      12    ai04
2011132  long       WH4toSR                                ckorkmaz14        4-14:55:52   7-00:00:00   2020-11-24T11:01:57  R   1      1     ai02
2010756  ai         bash                                   usert17           27-04:03:51  30-00:00:00  2020-11-24T00:09:56  R   1      2     ai05
2010277  cosmos     cubtcTS                                phaslak           6-18:53:34   10-00:00:00  2020-11-23T14:59:39  R   1      1     ke04
2010265  cosbi      build                                  zabali16          UNLIMITED    UNLIMITED    2020-11-23T14:40:49  R   1      3     ag01
2010224  cosmos     MIL+IL                                 phaslak           23-14:54:24  27-00:00:00  2020-11-23T11:00:29  R   1      1     ke05
2009503  cosmos     CAXZOS_clean                           hdaglar17         26-03:35:12  30-00:00:00  2020-11-22T23:41:17  R   1      1     ke03
2006033  cosbi      JupyterNotebook                        zabali16          UNLIMITED    UNLIMITED    2020-11-22T12:17:00  R   1      2     ag01
2003318  cosmos     CUbtcPF3S-2                            phaslak           20-17:00:43  27-00:00:00  2020-11-20T13:06:48  R   1      1     ke03
2002944  cosmos     H2_MMM                                 hdaglar17         23-03:40:43  30-00:00:00  2020-11-19T23:46:48  R   1      1     ke02
2002943  cosmos     H2_MMM                                 hdaglar17         23-03:40:30  30-00:00:00  2020-11-19T23:46:35  R   1      1     ke02
2002942  cosmos     H2_MMM                                 hdaglar17         23-03:40:16  30-00:00:00  2020-11-19T23:46:21  R   1      1     ke02
2001236  ai         bash                                   usert17           20-01:10:40  30-00:00:00  2020-11-16T21:16:45  R   1      2     ai04
1992608  biyofiz    bash                                   akabakcioglu      UNLIMITED    UNLIMITED    2020-11-07T14:19:19  R   1      1     da04